2026-07-15T11:30:03Z Símbolos no arquivo: 530
2026-07-15T11:30:03Z Digest gerado: /opt/encryptos/output/eassets-digest-20260715-113003.txt
2026-07-15T11:30:03Z Candidatos encontrados: 15

=== DIGEST ENCRYPTOS — eassets.ia (pre-filtrado) ===
Gerado: 2026-07-15 11:30 UTC
Símbolos analisados: 530 | Candidatos (score>=60): 15

IMPORTANTE: isto e um pre-filtro matematico, NAO substitui o checklist completo.
Confirma macro (BTCD/DXY/S&P500) e demais itens antes de qualquer entrada.

--- COLLECTUSDT | Score: 100/100 ---
Preço: 0.04323 | Var 1h: None
  • RSI 55.7 na zona neutra/fria (30-60)
  • Range Level 4 >= 3, acumulacao forte
  • EXP BTC 3.88 positivo, dominando o Bitcoin
  • OI Trend 9.84 positivo, capital novo entrando
  • Trades Level 1, atividade acima do normal

--- ELSAUSDT | Score: 100/100 ---
Preço: 0.05517 | Var 1h: None
  • RSI 51.7 na zona neutra/fria (30-60)
  • Range Level 4 >= 3, acumulacao forte
  • EXP BTC 2.76 positivo, dominando o Bitcoin
  • OI Trend 27.70 positivo, capital novo entrando
  • Trades Level 1, atividade acima do normal

--- AVAAIUSDT | Score: 85/100 ---
Preço: 0.006079 | Var 1h: None
  • RSI 56.8 na zona neutra/fria (30-60)
  • Range Level 4 >= 3, acumulacao forte
  • EXP BTC 4.13 positivo, dominando o Bitcoin
  • OI Trend 37.69 positivo, capital novo entrando

--- TSTUSDT | Score: 85/100 ---
Preço: 0.011122 | Var 1h: None
  • RSI 54.2 na zona neutra/fria (30-60)
  • Range Level 4 >= 3, acumulacao forte
  • EXP BTC 1.89 positivo, dominando o Bitcoin
  • OI Trend 0.19 positivo, capital novo entrando

--- BANKUSDT | Score: 85/100 ---
Preço: 0.04379 | Var 1h: None
  • RSI 57.2 na zona neutra/fria (30-60)
  • Range Level 4 >= 3, acumulacao forte
  • EXP BTC 5.03 positivo, dominando o Bitcoin
  • OI Trend 37.23 positivo, capital novo entrando

--- IDOLUSDT | Score: 85/100 ---
Preço: 0.01549 | Var 1h: None
  • RSI 58.9 na zona neutra/fria (30-60)
  • Range Level 4 >= 3, acumulacao forte
  • EXP BTC 1.68 positivo, dominando o Bitcoin
  • OI Trend 12.11 positivo, capital novo entrando

--- PLAYUSDT | Score: 85/100 ---
Preço: 0.03478 | Var 1h: None
  • RSI 59.9 na zona neutra/fria (30-60)
  • Range Level 4 >= 3, acumulacao forte
  • EXP BTC 1.80 positivo, dominando o Bitcoin
  • Trades Level 1, atividade acima do normal

--- JCTUSDT | Score: 85/100 ---
Preço: 0.00438 | Var 1h: None
  • RSI 57.5 na zona neutra/fria (30-60)
  • Range Level 3 >= 3, acumulacao forte
  • EXP BTC 11.63 positivo, dominando o Bitcoin
  • OI Trend 40.33 positivo, capital novo entrando

--- 龙虾USDT | Score: 85/100 ---
Preço: 0.014986 | Var 1h: None
  • RSI 59.5 na zona neutra/fria (30-60)
  • Range Level 3 >= 3, acumulacao forte
  • EXP BTC 7.10 positivo, dominando o Bitcoin
  • OI Trend 14.20 positivo, capital novo entrando

--- LUNA2USDT | Score: 80/100 ---
Preço: 0.04853 | Var 1h: None
  • Range Level 3 >= 3, acumulacao forte
  • EXP BTC 0.74 positivo, dominando o Bitcoin
  • OI Trend 3.21 positivo, capital novo entrando
  • Trades Level 2, atividade acima do normal

--- RIFUSDT | Score: 80/100 ---
Preço: 0.13706 | Var 1h: None
  • Range Level 3 >= 3, acumulacao forte
  • EXP BTC 14.20 positivo, dominando o Bitcoin
  • OI Trend 12.52 positivo, capital novo entrando
  • Trades Level 1, atividade acima do normal

--- TIAUSDT | Score: 80/100 ---
Preço: 0.414 | Var 1h: None
  • Range Level 4 >= 3, acumulacao forte
  • EXP BTC 1.62 positivo, dominando o Bitcoin
  • OI Trend 18.82 positivo, capital novo entrando
  • Trades Level 1, atividade acima do normal

--- 2ZUSDT | Score: 80/100 ---
Preço: 0.07214 | Var 1h: None
  • Range Level 5 >= 3, acumulacao forte
  • EXP BTC 1.02 positivo, dominando o Bitcoin
  • OI Trend 7.81 positivo, capital novo entrando
  • Trades Level 1, atividade acima do normal

--- XMRUSDT | Score: 75/100 ---
Preço: 325.77 | Var 1h: None
  • RSI 39.2 na zona neutra/fria (30-60)
  • Range Level 4 >= 3, acumulacao forte
  • OI Trend 10.61 positivo, capital novo entrando
  • Trades Level 1, atividade acima do normal

--- KAVAUSDT | Score: 75/100 ---
Preço: 0.0447 | Var 1h: None
  • RSI 52.9 na zona neutra/fria (30-60)
  • Range Level 3 >= 3, acumulacao forte
  • OI Trend 23.23 positivo, capital novo entrando
  • Trades Level 3, atividade acima do normal

2026-07-15T12:00:02Z Símbolos no arquivo: 530
2026-07-15T12:00:02Z Digest gerado: /opt/encryptos/output/eassets-digest-20260715-120002.txt
2026-07-15T12:00:02Z Candidatos encontrados: 15

=== DIGEST ENCRYPTOS — eassets.ia (pre-filtrado) ===
Gerado: 2026-07-15 12:00 UTC
Símbolos analisados: 530 | Candidatos (score>=60): 15

IMPORTANTE: isto e um pre-filtro matematico, NAO substitui o checklist completo.
Confirma macro (BTCD/DXY/S&P500) e demais itens antes de qualquer entrada.

--- COLLECTUSDT | Score: 100/100 ---
Preço: 0.04323 | Var 1h: None
  • RSI 55.7 na zona neutra/fria (30-60)
  • Range Level 4 >= 3, acumulacao forte
  • EXP BTC 3.88 positivo, dominando o Bitcoin
  • OI Trend 9.84 positivo, capital novo entrando
  • Trades Level 1, atividade acima do normal

--- ELSAUSDT | Score: 100/100 ---
Preço: 0.05517 | Var 1h: None
  • RSI 51.7 na zona neutra/fria (30-60)
  • Range Level 4 >= 3, acumulacao forte
  • EXP BTC 2.76 positivo, dominando o Bitcoin
  • OI Trend 27.70 positivo, capital novo entrando
  • Trades Level 1, atividade acima do normal

--- AVAAIUSDT | Score: 85/100 ---
Preço: 0.006079 | Var 1h: None
  • RSI 56.8 na zona neutra/fria (30-60)
  • Range Level 4 >= 3, acumulacao forte
  • EXP BTC 4.13 positivo, dominando o Bitcoin
  • OI Trend 37.69 positivo, capital novo entrando

--- TSTUSDT | Score: 85/100 ---
Preço: 0.011122 | Var 1h: None
  • RSI 54.2 na zona neutra/fria (30-60)
  • Range Level 4 >= 3, acumulacao forte
  • EXP BTC 1.89 positivo, dominando o Bitcoin
  • OI Trend 0.19 positivo, capital novo entrando

--- BANKUSDT | Score: 85/100 ---
Preço: 0.04379 | Var 1h: None
  • RSI 57.2 na zona neutra/fria (30-60)
  • Range Level 4 >= 3, acumulacao forte
  • EXP BTC 5.03 positivo, dominando o Bitcoin
  • OI Trend 37.23 positivo, capital novo entrando

--- IDOLUSDT | Score: 85/100 ---
Preço: 0.01549 | Var 1h: None
  • RSI 58.9 na zona neutra/fria (30-60)
  • Range Level 4 >= 3, acumulacao forte
  • EXP BTC 1.68 positivo, dominando o Bitcoin
  • OI Trend 12.11 positivo, capital novo entrando

--- PLAYUSDT | Score: 85/100 ---
Preço: 0.03478 | Var 1h: None
  • RSI 59.9 na zona neutra/fria (30-60)
  • Range Level 4 >= 3, acumulacao forte
  • EXP BTC 1.80 positivo, dominando o Bitcoin
  • Trades Level 1, atividade acima do normal

--- JCTUSDT | Score: 85/100 ---
Preço: 0.00438 | Var 1h: None
  • RSI 57.5 na zona neutra/fria (30-60)
  • Range Level 3 >= 3, acumulacao forte
  • EXP BTC 11.63 positivo, dominando o Bitcoin
  • OI Trend 40.33 positivo, capital novo entrando

--- 龙虾USDT | Score: 85/100 ---
Preço: 0.014986 | Var 1h: None
  • RSI 59.5 na zona neutra/fria (30-60)
  • Range Level 3 >= 3, acumulacao forte
  • EXP BTC 7.10 positivo, dominando o Bitcoin
  • OI Trend 14.20 positivo, capital novo entrando

--- LUNA2USDT | Score: 80/100 ---
Preço: 0.04853 | Var 1h: None
  • Range Level 3 >= 3, acumulacao forte
  • EXP BTC 0.74 positivo, dominando o Bitcoin
  • OI Trend 3.21 positivo, capital novo entrando
  • Trades Level 2, atividade acima do normal

--- RIFUSDT | Score: 80/100 ---
Preço: 0.13706 | Var 1h: None
  • Range Level 3 >= 3, acumulacao forte
  • EXP BTC 14.20 positivo, dominando o Bitcoin
  • OI Trend 12.52 positivo, capital novo entrando
  • Trades Level 1, atividade acima do normal

--- TIAUSDT | Score: 80/100 ---
Preço: 0.414 | Var 1h: None
  • Range Level 4 >= 3, acumulacao forte
  • EXP BTC 1.62 positivo, dominando o Bitcoin
  • OI Trend 18.82 positivo, capital novo entrando
  • Trades Level 1, atividade acima do normal

--- 2ZUSDT | Score: 80/100 ---
Preço: 0.07214 | Var 1h: None
  • Range Level 5 >= 3, acumulacao forte
  • EXP BTC 1.02 positivo, dominando o Bitcoin
  • OI Trend 7.81 positivo, capital novo entrando
  • Trades Level 1, atividade acima do normal

--- XMRUSDT | Score: 75/100 ---
Preço: 325.77 | Var 1h: None
  • RSI 39.2 na zona neutra/fria (30-60)
  • Range Level 4 >= 3, acumulacao forte
  • OI Trend 10.61 positivo, capital novo entrando
  • Trades Level 1, atividade acima do normal

--- KAVAUSDT | Score: 75/100 ---
Preço: 0.0447 | Var 1h: None
  • RSI 52.9 na zona neutra/fria (30-60)
  • Range Level 3 >= 3, acumulacao forte
  • OI Trend 23.23 positivo, capital novo entrando
  • Trades Level 3, atividade acima do normal

2026-07-15T12:30:03Z Símbolos no arquivo: 530
2026-07-15T12:30:03Z Digest gerado: /opt/encryptos/output/eassets-digest-20260715-123003.txt
2026-07-15T12:30:03Z Candidatos encontrados: 15

=== DIGEST ENCRYPTOS — eassets.ia (pre-filtrado) ===
Gerado: 2026-07-15 12:30 UTC
Símbolos analisados: 530 | Candidatos (score>=60): 15

IMPORTANTE: isto e um pre-filtro matematico, NAO substitui o checklist completo.
Confirma macro (BTCD/DXY/S&P500) e demais itens antes de qualquer entrada.

--- COLLECTUSDT | Score: 100/100 ---
Preço: 0.04323 | Var 1h: None
  • RSI 55.7 na zona neutra/fria (30-60)
  • Range Level 4 >= 3, acumulacao forte
  • EXP BTC 3.88 positivo, dominando o Bitcoin
  • OI Trend 9.84 positivo, capital novo entrando
  • Trades Level 1, atividade acima do normal

--- ELSAUSDT | Score: 100/100 ---
Preço: 0.05517 | Var 1h: None
  • RSI 51.7 na zona neutra/fria (30-60)
  • Range Level 4 >= 3, acumulacao forte
  • EXP BTC 2.76 positivo, dominando o Bitcoin
  • OI Trend 27.70 positivo, capital novo entrando
  • Trades Level 1, atividade acima do normal

--- AVAAIUSDT | Score: 85/100 ---
Preço: 0.006079 | Var 1h: None
  • RSI 56.8 na zona neutra/fria (30-60)
  • Range Level 4 >= 3, acumulacao forte
  • EXP BTC 4.13 positivo, dominando o Bitcoin
  • OI Trend 37.69 positivo, capital novo entrando

--- TSTUSDT | Score: 85/100 ---
Preço: 0.011122 | Var 1h: None
  • RSI 54.2 na zona neutra/fria (30-60)
  • Range Level 4 >= 3, acumulacao forte
  • EXP BTC 1.89 positivo, dominando o Bitcoin
  • OI Trend 0.19 positivo, capital novo entrando

--- BANKUSDT | Score: 85/100 ---
Preço: 0.04379 | Var 1h: None
  • RSI 57.2 na zona neutra/fria (30-60)
  • Range Level 4 >= 3, acumulacao forte
  • EXP BTC 5.03 positivo, dominando o Bitcoin
  • OI Trend 37.23 positivo, capital novo entrando

--- IDOLUSDT | Score: 85/100 ---
Preço: 0.01549 | Var 1h: None
  • RSI 58.9 na zona neutra/fria (30-60)
  • Range Level 4 >= 3, acumulacao forte
  • EXP BTC 1.68 positivo, dominando o Bitcoin
  • OI Trend 12.11 positivo, capital novo entrando

--- PLAYUSDT | Score: 85/100 ---
Preço: 0.03478 | Var 1h: None
  • RSI 59.9 na zona neutra/fria (30-60)
  • Range Level 4 >= 3, acumulacao forte
  • EXP BTC 1.80 positivo, dominando o Bitcoin
  • Trades Level 1, atividade acima do normal

--- JCTUSDT | Score: 85/100 ---
Preço: 0.00438 | Var 1h: None
  • RSI 57.5 na zona neutra/fria (30-60)
  • Range Level 3 >= 3, acumulacao forte
  • EXP BTC 11.63 positivo, dominando o Bitcoin
  • OI Trend 40.33 positivo, capital novo entrando

--- 龙虾USDT | Score: 85/100 ---
Preço: 0.014986 | Var 1h: None
  • RSI 59.5 na zona neutra/fria (30-60)
  • Range Level 3 >= 3, acumulacao forte
  • EXP BTC 7.10 positivo, dominando o Bitcoin
  • OI Trend 14.20 positivo, capital novo entrando

--- LUNA2USDT | Score: 80/100 ---
Preço: 0.04853 | Var 1h: None
  • Range Level 3 >= 3, acumulacao forte
  • EXP BTC 0.74 positivo, dominando o Bitcoin
  • OI Trend 3.21 positivo, capital novo entrando
  • Trades Level 2, atividade acima do normal

--- RIFUSDT | Score: 80/100 ---
Preço: 0.13706 | Var 1h: None
  • Range Level 3 >= 3, acumulacao forte
  • EXP BTC 14.20 positivo, dominando o Bitcoin
  • OI Trend 12.52 positivo, capital novo entrando
  • Trades Level 1, atividade acima do normal

--- TIAUSDT | Score: 80/100 ---
Preço: 0.414 | Var 1h: None
  • Range Level 4 >= 3, acumulacao forte
  • EXP BTC 1.62 positivo, dominando o Bitcoin
  • OI Trend 18.82 positivo, capital novo entrando
  • Trades Level 1, atividade acima do normal

--- 2ZUSDT | Score: 80/100 ---
Preço: 0.07214 | Var 1h: None
  • Range Level 5 >= 3, acumulacao forte
  • EXP BTC 1.02 positivo, dominando o Bitcoin
  • OI Trend 7.81 positivo, capital novo entrando
  • Trades Level 1, atividade acima do normal

--- XMRUSDT | Score: 75/100 ---
Preço: 325.77 | Var 1h: None
  • RSI 39.2 na zona neutra/fria (30-60)
  • Range Level 4 >= 3, acumulacao forte
  • OI Trend 10.61 positivo, capital novo entrando
  • Trades Level 1, atividade acima do normal

--- KAVAUSDT | Score: 75/100 ---
Preço: 0.0447 | Var 1h: None
  • RSI 52.9 na zona neutra/fria (30-60)
  • Range Level 3 >= 3, acumulacao forte
  • OI Trend 23.23 positivo, capital novo entrando
  • Trades Level 3, atividade acima do normal

2026-07-15T13:00:02Z Símbolos no arquivo: 530
2026-07-15T13:00:02Z Digest gerado: /opt/encryptos/output/eassets-digest-20260715-130002.txt
2026-07-15T13:00:02Z Candidatos encontrados: 15

=== DIGEST ENCRYPTOS — eassets.ia (pre-filtrado) ===
Gerado: 2026-07-15 13:00 UTC
Símbolos analisados: 530 | Candidatos (score>=60): 15

IMPORTANTE: isto e um pre-filtro matematico, NAO substitui o checklist completo.
Confirma macro (BTCD/DXY/S&P500) e demais itens antes de qualquer entrada.

--- COLLECTUSDT | Score: 100/100 ---
Preço: 0.04323 | Var 1h: None
  • RSI 55.7 na zona neutra/fria (30-60)
  • Range Level 4 >= 3, acumulacao forte
  • EXP BTC 3.88 positivo, dominando o Bitcoin
  • OI Trend 9.84 positivo, capital novo entrando
  • Trades Level 1, atividade acima do normal

--- ELSAUSDT | Score: 100/100 ---
Preço: 0.05517 | Var 1h: None
  • RSI 51.7 na zona neutra/fria (30-60)
  • Range Level 4 >= 3, acumulacao forte
  • EXP BTC 2.76 positivo, dominando o Bitcoin
  • OI Trend 27.70 positivo, capital novo entrando
  • Trades Level 1, atividade acima do normal

--- AVAAIUSDT | Score: 85/100 ---
Preço: 0.006079 | Var 1h: None
  • RSI 56.8 na zona neutra/fria (30-60)
  • Range Level 4 >= 3, acumulacao forte
  • EXP BTC 4.13 positivo, dominando o Bitcoin
  • OI Trend 37.69 positivo, capital novo entrando

--- TSTUSDT | Score: 85/100 ---
Preço: 0.011122 | Var 1h: None
  • RSI 54.2 na zona neutra/fria (30-60)
  • Range Level 4 >= 3, acumulacao forte
  • EXP BTC 1.89 positivo, dominando o Bitcoin
  • OI Trend 0.19 positivo, capital novo entrando

--- BANKUSDT | Score: 85/100 ---
Preço: 0.04379 | Var 1h: None
  • RSI 57.2 na zona neutra/fria (30-60)
  • Range Level 4 >= 3, acumulacao forte
  • EXP BTC 5.03 positivo, dominando o Bitcoin
  • OI Trend 37.23 positivo, capital novo entrando

--- IDOLUSDT | Score: 85/100 ---
Preço: 0.01549 | Var 1h: None
  • RSI 58.9 na zona neutra/fria (30-60)
  • Range Level 4 >= 3, acumulacao forte
  • EXP BTC 1.68 positivo, dominando o Bitcoin
  • OI Trend 12.11 positivo, capital novo entrando

--- PLAYUSDT | Score: 85/100 ---
Preço: 0.03478 | Var 1h: None
  • RSI 59.9 na zona neutra/fria (30-60)
  • Range Level 4 >= 3, acumulacao forte
  • EXP BTC 1.80 positivo, dominando o Bitcoin
  • Trades Level 1, atividade acima do normal

--- JCTUSDT | Score: 85/100 ---
Preço: 0.00438 | Var 1h: None
  • RSI 57.5 na zona neutra/fria (30-60)
  • Range Level 3 >= 3, acumulacao forte
  • EXP BTC 11.63 positivo, dominando o Bitcoin
  • OI Trend 40.33 positivo, capital novo entrando

--- 龙虾USDT | Score: 85/100 ---
Preço: 0.014986 | Var 1h: None
  • RSI 59.5 na zona neutra/fria (30-60)
  • Range Level 3 >= 3, acumulacao forte
  • EXP BTC 7.10 positivo, dominando o Bitcoin
  • OI Trend 14.20 positivo, capital novo entrando

--- LUNA2USDT | Score: 80/100 ---
Preço: 0.04853 | Var 1h: None
  • Range Level 3 >= 3, acumulacao forte
  • EXP BTC 0.74 positivo, dominando o Bitcoin
  • OI Trend 3.21 positivo, capital novo entrando
  • Trades Level 2, atividade acima do normal

--- RIFUSDT | Score: 80/100 ---
Preço: 0.13706 | Var 1h: None
  • Range Level 3 >= 3, acumulacao forte
  • EXP BTC 14.20 positivo, dominando o Bitcoin
  • OI Trend 12.52 positivo, capital novo entrando
  • Trades Level 1, atividade acima do normal

--- TIAUSDT | Score: 80/100 ---
Preço: 0.414 | Var 1h: None
  • Range Level 4 >= 3, acumulacao forte
  • EXP BTC 1.62 positivo, dominando o Bitcoin
  • OI Trend 18.82 positivo, capital novo entrando
  • Trades Level 1, atividade acima do normal

--- 2ZUSDT | Score: 80/100 ---
Preço: 0.07214 | Var 1h: None
  • Range Level 5 >= 3, acumulacao forte
  • EXP BTC 1.02 positivo, dominando o Bitcoin
  • OI Trend 7.81 positivo, capital novo entrando
  • Trades Level 1, atividade acima do normal

--- XMRUSDT | Score: 75/100 ---
Preço: 325.77 | Var 1h: None
  • RSI 39.2 na zona neutra/fria (30-60)
  • Range Level 4 >= 3, acumulacao forte
  • OI Trend 10.61 positivo, capital novo entrando
  • Trades Level 1, atividade acima do normal

--- KAVAUSDT | Score: 75/100 ---
Preço: 0.0447 | Var 1h: None
  • RSI 52.9 na zona neutra/fria (30-60)
  • Range Level 3 >= 3, acumulacao forte
  • OI Trend 23.23 positivo, capital novo entrando
  • Trades Level 3, atividade acima do normal

2026-07-15T13:30:03Z Símbolos no arquivo: 530
2026-07-15T13:30:03Z Digest gerado: /opt/encryptos/output/eassets-digest-20260715-133003.txt
2026-07-15T13:30:03Z Candidatos encontrados: 15

=== DIGEST ENCRYPTOS — eassets.ia (pre-filtrado) ===
Gerado: 2026-07-15 13:30 UTC
Símbolos analisados: 530 | Candidatos (score>=60): 15

IMPORTANTE: isto e um pre-filtro matematico, NAO substitui o checklist completo.
Confirma macro (BTCD/DXY/S&P500) e demais itens antes de qualquer entrada.

--- COLLECTUSDT | Score: 100/100 ---
Preço: 0.04323 | Var 1h: None
  • RSI 55.7 na zona neutra/fria (30-60)
  • Range Level 4 >= 3, acumulacao forte
  • EXP BTC 3.88 positivo, dominando o Bitcoin
  • OI Trend 9.84 positivo, capital novo entrando
  • Trades Level 1, atividade acima do normal

--- ELSAUSDT | Score: 100/100 ---
Preço: 0.05517 | Var 1h: None
  • RSI 51.7 na zona neutra/fria (30-60)
  • Range Level 4 >= 3, acumulacao forte
  • EXP BTC 2.76 positivo, dominando o Bitcoin
  • OI Trend 27.70 positivo, capital novo entrando
  • Trades Level 1, atividade acima do normal

--- AVAAIUSDT | Score: 85/100 ---
Preço: 0.006079 | Var 1h: None
  • RSI 56.8 na zona neutra/fria (30-60)
  • Range Level 4 >= 3, acumulacao forte
  • EXP BTC 4.13 positivo, dominando o Bitcoin
  • OI Trend 37.69 positivo, capital novo entrando

--- TSTUSDT | Score: 85/100 ---
Preço: 0.011122 | Var 1h: None
  • RSI 54.2 na zona neutra/fria (30-60)
  • Range Level 4 >= 3, acumulacao forte
  • EXP BTC 1.89 positivo, dominando o Bitcoin
  • OI Trend 0.19 positivo, capital novo entrando

--- BANKUSDT | Score: 85/100 ---
Preço: 0.04379 | Var 1h: None
  • RSI 57.2 na zona neutra/fria (30-60)
  • Range Level 4 >= 3, acumulacao forte
  • EXP BTC 5.03 positivo, dominando o Bitcoin
  • OI Trend 37.23 positivo, capital novo entrando

--- IDOLUSDT | Score: 85/100 ---
Preço: 0.01549 | Var 1h: None
  • RSI 58.9 na zona neutra/fria (30-60)
  • Range Level 4 >= 3, acumulacao forte
  • EXP BTC 1.68 positivo, dominando o Bitcoin
  • OI Trend 12.11 positivo, capital novo entrando

--- PLAYUSDT | Score: 85/100 ---
Preço: 0.03478 | Var 1h: None
  • RSI 59.9 na zona neutra/fria (30-60)
  • Range Level 4 >= 3, acumulacao forte
  • EXP BTC 1.80 positivo, dominando o Bitcoin
  • Trades Level 1, atividade acima do normal

--- JCTUSDT | Score: 85/100 ---
Preço: 0.00438 | Var 1h: None
  • RSI 57.5 na zona neutra/fria (30-60)
  • Range Level 3 >= 3, acumulacao forte
  • EXP BTC 11.63 positivo, dominando o Bitcoin
  • OI Trend 40.33 positivo, capital novo entrando

--- 龙虾USDT | Score: 85/100 ---
Preço: 0.014986 | Var 1h: None
  • RSI 59.5 na zona neutra/fria (30-60)
  • Range Level 3 >= 3, acumulacao forte
  • EXP BTC 7.10 positivo, dominando o Bitcoin
  • OI Trend 14.20 positivo, capital novo entrando

--- LUNA2USDT | Score: 80/100 ---
Preço: 0.04853 | Var 1h: None
  • Range Level 3 >= 3, acumulacao forte
  • EXP BTC 0.74 positivo, dominando o Bitcoin
  • OI Trend 3.21 positivo, capital novo entrando
  • Trades Level 2, atividade acima do normal

--- RIFUSDT | Score: 80/100 ---
Preço: 0.13706 | Var 1h: None
  • Range Level 3 >= 3, acumulacao forte
  • EXP BTC 14.20 positivo, dominando o Bitcoin
  • OI Trend 12.52 positivo, capital novo entrando
  • Trades Level 1, atividade acima do normal

--- TIAUSDT | Score: 80/100 ---
Preço: 0.414 | Var 1h: None
  • Range Level 4 >= 3, acumulacao forte
  • EXP BTC 1.62 positivo, dominando o Bitcoin
  • OI Trend 18.82 positivo, capital novo entrando
  • Trades Level 1, atividade acima do normal

--- 2ZUSDT | Score: 80/100 ---
Preço: 0.07214 | Var 1h: None
  • Range Level 5 >= 3, acumulacao forte
  • EXP BTC 1.02 positivo, dominando o Bitcoin
  • OI Trend 7.81 positivo, capital novo entrando
  • Trades Level 1, atividade acima do normal

--- XMRUSDT | Score: 75/100 ---
Preço: 325.77 | Var 1h: None
  • RSI 39.2 na zona neutra/fria (30-60)
  • Range Level 4 >= 3, acumulacao forte
  • OI Trend 10.61 positivo, capital novo entrando
  • Trades Level 1, atividade acima do normal

--- KAVAUSDT | Score: 75/100 ---
Preço: 0.0447 | Var 1h: None
  • RSI 52.9 na zona neutra/fria (30-60)
  • Range Level 3 >= 3, acumulacao forte
  • OI Trend 23.23 positivo, capital novo entrando
  • Trades Level 3, atividade acima do normal

2026-07-15T14:00:03Z Símbolos no arquivo: 530
2026-07-15T14:00:03Z Digest gerado: /opt/encryptos/output/eassets-digest-20260715-140003.txt
2026-07-15T14:00:03Z Candidatos encontrados: 15

=== DIGEST ENCRYPTOS — eassets.ia (pre-filtrado) ===
Gerado: 2026-07-15 14:00 UTC
Símbolos analisados: 530 | Candidatos (score>=60): 15

IMPORTANTE: isto e um pre-filtro matematico, NAO substitui o checklist completo.
Confirma macro (BTCD/DXY/S&P500) e demais itens antes de qualquer entrada.

--- COLLECTUSDT | Score: 100/100 ---
Preço: 0.04323 | Var 1h: None
  • RSI 55.7 na zona neutra/fria (30-60)
  • Range Level 4 >= 3, acumulacao forte
  • EXP BTC 3.88 positivo, dominando o Bitcoin
  • OI Trend 9.84 positivo, capital novo entrando
  • Trades Level 1, atividade acima do normal

--- ELSAUSDT | Score: 100/100 ---
Preço: 0.05517 | Var 1h: None
  • RSI 51.7 na zona neutra/fria (30-60)
  • Range Level 4 >= 3, acumulacao forte
  • EXP BTC 2.76 positivo, dominando o Bitcoin
  • OI Trend 27.70 positivo, capital novo entrando
  • Trades Level 1, atividade acima do normal

--- AVAAIUSDT | Score: 85/100 ---
Preço: 0.006079 | Var 1h: None
  • RSI 56.8 na zona neutra/fria (30-60)
  • Range Level 4 >= 3, acumulacao forte
  • EXP BTC 4.13 positivo, dominando o Bitcoin
  • OI Trend 37.69 positivo, capital novo entrando

--- TSTUSDT | Score: 85/100 ---
Preço: 0.011122 | Var 1h: None
  • RSI 54.2 na zona neutra/fria (30-60)
  • Range Level 4 >= 3, acumulacao forte
  • EXP BTC 1.89 positivo, dominando o Bitcoin
  • OI Trend 0.19 positivo, capital novo entrando

--- BANKUSDT | Score: 85/100 ---
Preço: 0.04379 | Var 1h: None
  • RSI 57.2 na zona neutra/fria (30-60)
  • Range Level 4 >= 3, acumulacao forte
  • EXP BTC 5.03 positivo, dominando o Bitcoin
  • OI Trend 37.23 positivo, capital novo entrando

--- IDOLUSDT | Score: 85/100 ---
Preço: 0.01549 | Var 1h: None
  • RSI 58.9 na zona neutra/fria (30-60)
  • Range Level 4 >= 3, acumulacao forte
  • EXP BTC 1.68 positivo, dominando o Bitcoin
  • OI Trend 12.11 positivo, capital novo entrando

--- PLAYUSDT | Score: 85/100 ---
Preço: 0.03478 | Var 1h: None
  • RSI 59.9 na zona neutra/fria (30-60)
  • Range Level 4 >= 3, acumulacao forte
  • EXP BTC 1.80 positivo, dominando o Bitcoin
  • Trades Level 1, atividade acima do normal

--- JCTUSDT | Score: 85/100 ---
Preço: 0.00438 | Var 1h: None
  • RSI 57.5 na zona neutra/fria (30-60)
  • Range Level 3 >= 3, acumulacao forte
  • EXP BTC 11.63 positivo, dominando o Bitcoin
  • OI Trend 40.33 positivo, capital novo entrando

--- 龙虾USDT | Score: 85/100 ---
Preço: 0.014986 | Var 1h: None
  • RSI 59.5 na zona neutra/fria (30-60)
  • Range Level 3 >= 3, acumulacao forte
  • EXP BTC 7.10 positivo, dominando o Bitcoin
  • OI Trend 14.20 positivo, capital novo entrando

--- LUNA2USDT | Score: 80/100 ---
Preço: 0.04853 | Var 1h: None
  • Range Level 3 >= 3, acumulacao forte
  • EXP BTC 0.74 positivo, dominando o Bitcoin
  • OI Trend 3.21 positivo, capital novo entrando
  • Trades Level 2, atividade acima do normal

--- RIFUSDT | Score: 80/100 ---
Preço: 0.13706 | Var 1h: None
  • Range Level 3 >= 3, acumulacao forte
  • EXP BTC 14.20 positivo, dominando o Bitcoin
  • OI Trend 12.52 positivo, capital novo entrando
  • Trades Level 1, atividade acima do normal

--- TIAUSDT | Score: 80/100 ---
Preço: 0.414 | Var 1h: None
  • Range Level 4 >= 3, acumulacao forte
  • EXP BTC 1.62 positivo, dominando o Bitcoin
  • OI Trend 18.82 positivo, capital novo entrando
  • Trades Level 1, atividade acima do normal

--- 2ZUSDT | Score: 80/100 ---
Preço: 0.07214 | Var 1h: None
  • Range Level 5 >= 3, acumulacao forte
  • EXP BTC 1.02 positivo, dominando o Bitcoin
  • OI Trend 7.81 positivo, capital novo entrando
  • Trades Level 1, atividade acima do normal

--- XMRUSDT | Score: 75/100 ---
Preço: 325.77 | Var 1h: None
  • RSI 39.2 na zona neutra/fria (30-60)
  • Range Level 4 >= 3, acumulacao forte
  • OI Trend 10.61 positivo, capital novo entrando
  • Trades Level 1, atividade acima do normal

--- KAVAUSDT | Score: 75/100 ---
Preço: 0.0447 | Var 1h: None
  • RSI 52.9 na zona neutra/fria (30-60)
  • Range Level 3 >= 3, acumulacao forte
  • OI Trend 23.23 positivo, capital novo entrando
  • Trades Level 3, atividade acima do normal

2026-07-15T14:30:04Z Símbolos no arquivo: 530
2026-07-15T14:30:04Z Digest gerado: /opt/encryptos/output/eassets-digest-20260715-143004.txt
2026-07-15T14:30:04Z Candidatos encontrados: 15

=== DIGEST ENCRYPTOS — eassets.ia (pre-filtrado) ===
Gerado: 2026-07-15 14:30 UTC
Símbolos analisados: 530 | Candidatos (score>=60): 15

IMPORTANTE: isto e um pre-filtro matematico, NAO substitui o checklist completo.
Confirma macro (BTCD/DXY/S&P500) e demais itens antes de qualquer entrada.

--- COLLECTUSDT | Score: 100/100 ---
Preço: 0.04323 | Var 1h: None
  • RSI 55.7 na zona neutra/fria (30-60)
  • Range Level 4 >= 3, acumulacao forte
  • EXP BTC 3.88 positivo, dominando o Bitcoin
  • OI Trend 9.84 positivo, capital novo entrando
  • Trades Level 1, atividade acima do normal

--- ELSAUSDT | Score: 100/100 ---
Preço: 0.05517 | Var 1h: None
  • RSI 51.7 na zona neutra/fria (30-60)
  • Range Level 4 >= 3, acumulacao forte
  • EXP BTC 2.76 positivo, dominando o Bitcoin
  • OI Trend 27.70 positivo, capital novo entrando
  • Trades Level 1, atividade acima do normal

--- AVAAIUSDT | Score: 85/100 ---
Preço: 0.006079 | Var 1h: None
  • RSI 56.8 na zona neutra/fria (30-60)
  • Range Level 4 >= 3, acumulacao forte
  • EXP BTC 4.13 positivo, dominando o Bitcoin
  • OI Trend 37.69 positivo, capital novo entrando

--- TSTUSDT | Score: 85/100 ---
Preço: 0.011122 | Var 1h: None
  • RSI 54.2 na zona neutra/fria (30-60)
  • Range Level 4 >= 3, acumulacao forte
  • EXP BTC 1.89 positivo, dominando o Bitcoin
  • OI Trend 0.19 positivo, capital novo entrando

--- BANKUSDT | Score: 85/100 ---
Preço: 0.04379 | Var 1h: None
  • RSI 57.2 na zona neutra/fria (30-60)
  • Range Level 4 >= 3, acumulacao forte
  • EXP BTC 5.03 positivo, dominando o Bitcoin
  • OI Trend 37.23 positivo, capital novo entrando

--- IDOLUSDT | Score: 85/100 ---
Preço: 0.01549 | Var 1h: None
  • RSI 58.9 na zona neutra/fria (30-60)
  • Range Level 4 >= 3, acumulacao forte
  • EXP BTC 1.68 positivo, dominando o Bitcoin
  • OI Trend 12.11 positivo, capital novo entrando

--- PLAYUSDT | Score: 85/100 ---
Preço: 0.03478 | Var 1h: None
  • RSI 59.9 na zona neutra/fria (30-60)
  • Range Level 4 >= 3, acumulacao forte
  • EXP BTC 1.80 positivo, dominando o Bitcoin
  • Trades Level 1, atividade acima do normal

--- JCTUSDT | Score: 85/100 ---
Preço: 0.00438 | Var 1h: None
  • RSI 57.5 na zona neutra/fria (30-60)
  • Range Level 3 >= 3, acumulacao forte
  • EXP BTC 11.63 positivo, dominando o Bitcoin
  • OI Trend 40.33 positivo, capital novo entrando

--- 龙虾USDT | Score: 85/100 ---
Preço: 0.014986 | Var 1h: None
  • RSI 59.5 na zona neutra/fria (30-60)
  • Range Level 3 >= 3, acumulacao forte
  • EXP BTC 7.10 positivo, dominando o Bitcoin
  • OI Trend 14.20 positivo, capital novo entrando

--- LUNA2USDT | Score: 80/100 ---
Preço: 0.04853 | Var 1h: None
  • Range Level 3 >= 3, acumulacao forte
  • EXP BTC 0.74 positivo, dominando o Bitcoin
  • OI Trend 3.21 positivo, capital novo entrando
  • Trades Level 2, atividade acima do normal

--- RIFUSDT | Score: 80/100 ---
Preço: 0.13706 | Var 1h: None
  • Range Level 3 >= 3, acumulacao forte
  • EXP BTC 14.20 positivo, dominando o Bitcoin
  • OI Trend 12.52 positivo, capital novo entrando
  • Trades Level 1, atividade acima do normal

--- TIAUSDT | Score: 80/100 ---
Preço: 0.414 | Var 1h: None
  • Range Level 4 >= 3, acumulacao forte
  • EXP BTC 1.62 positivo, dominando o Bitcoin
  • OI Trend 18.82 positivo, capital novo entrando
  • Trades Level 1, atividade acima do normal

--- 2ZUSDT | Score: 80/100 ---
Preço: 0.07214 | Var 1h: None
  • Range Level 5 >= 3, acumulacao forte
  • EXP BTC 1.02 positivo, dominando o Bitcoin
  • OI Trend 7.81 positivo, capital novo entrando
  • Trades Level 1, atividade acima do normal

--- XMRUSDT | Score: 75/100 ---
Preço: 325.77 | Var 1h: None
  • RSI 39.2 na zona neutra/fria (30-60)
  • Range Level 4 >= 3, acumulacao forte
  • OI Trend 10.61 positivo, capital novo entrando
  • Trades Level 1, atividade acima do normal

--- KAVAUSDT | Score: 75/100 ---
Preço: 0.0447 | Var 1h: None
  • RSI 52.9 na zona neutra/fria (30-60)
  • Range Level 3 >= 3, acumulacao forte
  • OI Trend 23.23 positivo, capital novo entrando
  • Trades Level 3, atividade acima do normal

2026-07-15T15:00:04Z Símbolos no arquivo: 530
2026-07-15T15:00:04Z Digest gerado: /opt/encryptos/output/eassets-digest-20260715-150004.txt
2026-07-15T15:00:04Z Candidatos encontrados: 15

=== DIGEST ENCRYPTOS — eassets.ia (pre-filtrado) ===
Gerado: 2026-07-15 15:00 UTC
Símbolos analisados: 530 | Candidatos (score>=60): 15

IMPORTANTE: isto e um pre-filtro matematico, NAO substitui o checklist completo.
Confirma macro (BTCD/DXY/S&P500) e demais itens antes de qualquer entrada.

--- COLLECTUSDT | Score: 100/100 ---
Preço: 0.04323 | Var 1h: None
  • RSI 55.7 na zona neutra/fria (30-60)
  • Range Level 4 >= 3, acumulacao forte
  • EXP BTC 3.88 positivo, dominando o Bitcoin
  • OI Trend 9.84 positivo, capital novo entrando
  • Trades Level 1, atividade acima do normal

--- ELSAUSDT | Score: 100/100 ---
Preço: 0.05517 | Var 1h: None
  • RSI 51.7 na zona neutra/fria (30-60)
  • Range Level 4 >= 3, acumulacao forte
  • EXP BTC 2.76 positivo, dominando o Bitcoin
  • OI Trend 27.70 positivo, capital novo entrando
  • Trades Level 1, atividade acima do normal

--- AVAAIUSDT | Score: 85/100 ---
Preço: 0.006079 | Var 1h: None
  • RSI 56.8 na zona neutra/fria (30-60)
  • Range Level 4 >= 3, acumulacao forte
  • EXP BTC 4.13 positivo, dominando o Bitcoin
  • OI Trend 37.69 positivo, capital novo entrando

--- TSTUSDT | Score: 85/100 ---
Preço: 0.011122 | Var 1h: None
  • RSI 54.2 na zona neutra/fria (30-60)
  • Range Level 4 >= 3, acumulacao forte
  • EXP BTC 1.89 positivo, dominando o Bitcoin
  • OI Trend 0.19 positivo, capital novo entrando

--- BANKUSDT | Score: 85/100 ---
Preço: 0.04379 | Var 1h: None
  • RSI 57.2 na zona neutra/fria (30-60)
  • Range Level 4 >= 3, acumulacao forte
  • EXP BTC 5.03 positivo, dominando o Bitcoin
  • OI Trend 37.23 positivo, capital novo entrando

--- IDOLUSDT | Score: 85/100 ---
Preço: 0.01549 | Var 1h: None
  • RSI 58.9 na zona neutra/fria (30-60)
  • Range Level 4 >= 3, acumulacao forte
  • EXP BTC 1.68 positivo, dominando o Bitcoin
  • OI Trend 12.11 positivo, capital novo entrando

--- PLAYUSDT | Score: 85/100 ---
Preço: 0.03478 | Var 1h: None
  • RSI 59.9 na zona neutra/fria (30-60)
  • Range Level 4 >= 3, acumulacao forte
  • EXP BTC 1.80 positivo, dominando o Bitcoin
  • Trades Level 1, atividade acima do normal

--- JCTUSDT | Score: 85/100 ---
Preço: 0.00438 | Var 1h: None
  • RSI 57.5 na zona neutra/fria (30-60)
  • Range Level 3 >= 3, acumulacao forte
  • EXP BTC 11.63 positivo, dominando o Bitcoin
  • OI Trend 40.33 positivo, capital novo entrando

--- 龙虾USDT | Score: 85/100 ---
Preço: 0.014986 | Var 1h: None
  • RSI 59.5 na zona neutra/fria (30-60)
  • Range Level 3 >= 3, acumulacao forte
  • EXP BTC 7.10 positivo, dominando o Bitcoin
  • OI Trend 14.20 positivo, capital novo entrando

--- LUNA2USDT | Score: 80/100 ---
Preço: 0.04853 | Var 1h: None
  • Range Level 3 >= 3, acumulacao forte
  • EXP BTC 0.74 positivo, dominando o Bitcoin
  • OI Trend 3.21 positivo, capital novo entrando
  • Trades Level 2, atividade acima do normal

--- RIFUSDT | Score: 80/100 ---
Preço: 0.13706 | Var 1h: None
  • Range Level 3 >= 3, acumulacao forte
  • EXP BTC 14.20 positivo, dominando o Bitcoin
  • OI Trend 12.52 positivo, capital novo entrando
  • Trades Level 1, atividade acima do normal

--- TIAUSDT | Score: 80/100 ---
Preço: 0.414 | Var 1h: None
  • Range Level 4 >= 3, acumulacao forte
  • EXP BTC 1.62 positivo, dominando o Bitcoin
  • OI Trend 18.82 positivo, capital novo entrando
  • Trades Level 1, atividade acima do normal

--- 2ZUSDT | Score: 80/100 ---
Preço: 0.07214 | Var 1h: None
  • Range Level 5 >= 3, acumulacao forte
  • EXP BTC 1.02 positivo, dominando o Bitcoin
  • OI Trend 7.81 positivo, capital novo entrando
  • Trades Level 1, atividade acima do normal

--- XMRUSDT | Score: 75/100 ---
Preço: 325.77 | Var 1h: None
  • RSI 39.2 na zona neutra/fria (30-60)
  • Range Level 4 >= 3, acumulacao forte
  • OI Trend 10.61 positivo, capital novo entrando
  • Trades Level 1, atividade acima do normal

--- KAVAUSDT | Score: 75/100 ---
Preço: 0.0447 | Var 1h: None
  • RSI 52.9 na zona neutra/fria (30-60)
  • Range Level 3 >= 3, acumulacao forte
  • OI Trend 23.23 positivo, capital novo entrando
  • Trades Level 3, atividade acima do normal

2026-07-15T15:30:03Z Símbolos no arquivo: 530
2026-07-15T15:30:03Z Digest gerado: /opt/encryptos/output/eassets-digest-20260715-153003.txt
2026-07-15T15:30:03Z Candidatos encontrados: 15

=== DIGEST ENCRYPTOS — eassets.ia (pre-filtrado) ===
Gerado: 2026-07-15 15:30 UTC
Símbolos analisados: 530 | Candidatos (score>=60): 15

IMPORTANTE: isto e um pre-filtro matematico, NAO substitui o checklist completo.
Confirma macro (BTCD/DXY/S&P500) e demais itens antes de qualquer entrada.

--- COLLECTUSDT | Score: 100/100 ---
Preço: 0.04323 | Var 1h: None
  • RSI 55.7 na zona neutra/fria (30-60)
  • Range Level 4 >= 3, acumulacao forte
  • EXP BTC 3.88 positivo, dominando o Bitcoin
  • OI Trend 9.84 positivo, capital novo entrando
  • Trades Level 1, atividade acima do normal

--- ELSAUSDT | Score: 100/100 ---
Preço: 0.05517 | Var 1h: None
  • RSI 51.7 na zona neutra/fria (30-60)
  • Range Level 4 >= 3, acumulacao forte
  • EXP BTC 2.76 positivo, dominando o Bitcoin
  • OI Trend 27.70 positivo, capital novo entrando
  • Trades Level 1, atividade acima do normal

--- AVAAIUSDT | Score: 85/100 ---
Preço: 0.006079 | Var 1h: None
  • RSI 56.8 na zona neutra/fria (30-60)
  • Range Level 4 >= 3, acumulacao forte
  • EXP BTC 4.13 positivo, dominando o Bitcoin
  • OI Trend 37.69 positivo, capital novo entrando

--- TSTUSDT | Score: 85/100 ---
Preço: 0.011122 | Var 1h: None
  • RSI 54.2 na zona neutra/fria (30-60)
  • Range Level 4 >= 3, acumulacao forte
  • EXP BTC 1.89 positivo, dominando o Bitcoin
  • OI Trend 0.19 positivo, capital novo entrando

--- BANKUSDT | Score: 85/100 ---
Preço: 0.04379 | Var 1h: None
  • RSI 57.2 na zona neutra/fria (30-60)
  • Range Level 4 >= 3, acumulacao forte
  • EXP BTC 5.03 positivo, dominando o Bitcoin
  • OI Trend 37.23 positivo, capital novo entrando

--- IDOLUSDT | Score: 85/100 ---
Preço: 0.01549 | Var 1h: None
  • RSI 58.9 na zona neutra/fria (30-60)
  • Range Level 4 >= 3, acumulacao forte
  • EXP BTC 1.68 positivo, dominando o Bitcoin
  • OI Trend 12.11 positivo, capital novo entrando

--- PLAYUSDT | Score: 85/100 ---
Preço: 0.03478 | Var 1h: None
  • RSI 59.9 na zona neutra/fria (30-60)
  • Range Level 4 >= 3, acumulacao forte
  • EXP BTC 1.80 positivo, dominando o Bitcoin
  • Trades Level 1, atividade acima do normal

--- JCTUSDT | Score: 85/100 ---
Preço: 0.00438 | Var 1h: None
  • RSI 57.5 na zona neutra/fria (30-60)
  • Range Level 3 >= 3, acumulacao forte
  • EXP BTC 11.63 positivo, dominando o Bitcoin
  • OI Trend 40.33 positivo, capital novo entrando

--- 龙虾USDT | Score: 85/100 ---
Preço: 0.014986 | Var 1h: None
  • RSI 59.5 na zona neutra/fria (30-60)
  • Range Level 3 >= 3, acumulacao forte
  • EXP BTC 7.10 positivo, dominando o Bitcoin
  • OI Trend 14.20 positivo, capital novo entrando

--- LUNA2USDT | Score: 80/100 ---
Preço: 0.04853 | Var 1h: None
  • Range Level 3 >= 3, acumulacao forte
  • EXP BTC 0.74 positivo, dominando o Bitcoin
  • OI Trend 3.21 positivo, capital novo entrando
  • Trades Level 2, atividade acima do normal

--- RIFUSDT | Score: 80/100 ---
Preço: 0.13706 | Var 1h: None
  • Range Level 3 >= 3, acumulacao forte
  • EXP BTC 14.20 positivo, dominando o Bitcoin
  • OI Trend 12.52 positivo, capital novo entrando
  • Trades Level 1, atividade acima do normal

--- TIAUSDT | Score: 80/100 ---
Preço: 0.414 | Var 1h: None
  • Range Level 4 >= 3, acumulacao forte
  • EXP BTC 1.62 positivo, dominando o Bitcoin
  • OI Trend 18.82 positivo, capital novo entrando
  • Trades Level 1, atividade acima do normal

--- 2ZUSDT | Score: 80/100 ---
Preço: 0.07214 | Var 1h: None
  • Range Level 5 >= 3, acumulacao forte
  • EXP BTC 1.02 positivo, dominando o Bitcoin
  • OI Trend 7.81 positivo, capital novo entrando
  • Trades Level 1, atividade acima do normal

--- XMRUSDT | Score: 75/100 ---
Preço: 325.77 | Var 1h: None
  • RSI 39.2 na zona neutra/fria (30-60)
  • Range Level 4 >= 3, acumulacao forte
  • OI Trend 10.61 positivo, capital novo entrando
  • Trades Level 1, atividade acima do normal

--- KAVAUSDT | Score: 75/100 ---
Preço: 0.0447 | Var 1h: None
  • RSI 52.9 na zona neutra/fria (30-60)
  • Range Level 3 >= 3, acumulacao forte
  • OI Trend 23.23 positivo, capital novo entrando
  • Trades Level 3, atividade acima do normal

2026-07-15T16:00:05Z Símbolos no arquivo: 530
2026-07-15T16:00:05Z Digest gerado: /opt/encryptos/output/eassets-digest-20260715-160005.txt
2026-07-15T16:00:05Z Candidatos encontrados: 15

=== DIGEST ENCRYPTOS — eassets.ia (pre-filtrado) ===
Gerado: 2026-07-15 16:00 UTC
Símbolos analisados: 530 | Candidatos (score>=60): 15

IMPORTANTE: isto e um pre-filtro matematico, NAO substitui o checklist completo.
Confirma macro (BTCD/DXY/S&P500) e demais itens antes de qualquer entrada.

--- COLLECTUSDT | Score: 100/100 ---
Preço: 0.04323 | Var 1h: None
  • RSI 55.7 na zona neutra/fria (30-60)
  • Range Level 4 >= 3, acumulacao forte
  • EXP BTC 3.88 positivo, dominando o Bitcoin
  • OI Trend 9.84 positivo, capital novo entrando
  • Trades Level 1, atividade acima do normal

--- ELSAUSDT | Score: 100/100 ---
Preço: 0.05517 | Var 1h: None
  • RSI 51.7 na zona neutra/fria (30-60)
  • Range Level 4 >= 3, acumulacao forte
  • EXP BTC 2.76 positivo, dominando o Bitcoin
  • OI Trend 27.70 positivo, capital novo entrando
  • Trades Level 1, atividade acima do normal

--- AVAAIUSDT | Score: 85/100 ---
Preço: 0.006079 | Var 1h: None
  • RSI 56.8 na zona neutra/fria (30-60)
  • Range Level 4 >= 3, acumulacao forte
  • EXP BTC 4.13 positivo, dominando o Bitcoin
  • OI Trend 37.69 positivo, capital novo entrando

--- TSTUSDT | Score: 85/100 ---
Preço: 0.011122 | Var 1h: None
  • RSI 54.2 na zona neutra/fria (30-60)
  • Range Level 4 >= 3, acumulacao forte
  • EXP BTC 1.89 positivo, dominando o Bitcoin
  • OI Trend 0.19 positivo, capital novo entrando

--- BANKUSDT | Score: 85/100 ---
Preço: 0.04379 | Var 1h: None
  • RSI 57.2 na zona neutra/fria (30-60)
  • Range Level 4 >= 3, acumulacao forte
  • EXP BTC 5.03 positivo, dominando o Bitcoin
  • OI Trend 37.23 positivo, capital novo entrando

--- IDOLUSDT | Score: 85/100 ---
Preço: 0.01549 | Var 1h: None
  • RSI 58.9 na zona neutra/fria (30-60)
  • Range Level 4 >= 3, acumulacao forte
  • EXP BTC 1.68 positivo, dominando o Bitcoin
  • OI Trend 12.11 positivo, capital novo entrando

--- PLAYUSDT | Score: 85/100 ---
Preço: 0.03478 | Var 1h: None
  • RSI 59.9 na zona neutra/fria (30-60)
  • Range Level 4 >= 3, acumulacao forte
  • EXP BTC 1.80 positivo, dominando o Bitcoin
  • Trades Level 1, atividade acima do normal

--- JCTUSDT | Score: 85/100 ---
Preço: 0.00438 | Var 1h: None
  • RSI 57.5 na zona neutra/fria (30-60)
  • Range Level 3 >= 3, acumulacao forte
  • EXP BTC 11.63 positivo, dominando o Bitcoin
  • OI Trend 40.33 positivo, capital novo entrando

--- 龙虾USDT | Score: 85/100 ---
Preço: 0.014986 | Var 1h: None
  • RSI 59.5 na zona neutra/fria (30-60)
  • Range Level 3 >= 3, acumulacao forte
  • EXP BTC 7.10 positivo, dominando o Bitcoin
  • OI Trend 14.20 positivo, capital novo entrando

--- LUNA2USDT | Score: 80/100 ---
Preço: 0.04853 | Var 1h: None
  • Range Level 3 >= 3, acumulacao forte
  • EXP BTC 0.74 positivo, dominando o Bitcoin
  • OI Trend 3.21 positivo, capital novo entrando
  • Trades Level 2, atividade acima do normal

--- RIFUSDT | Score: 80/100 ---
Preço: 0.13706 | Var 1h: None
  • Range Level 3 >= 3, acumulacao forte
  • EXP BTC 14.20 positivo, dominando o Bitcoin
  • OI Trend 12.52 positivo, capital novo entrando
  • Trades Level 1, atividade acima do normal

--- TIAUSDT | Score: 80/100 ---
Preço: 0.414 | Var 1h: None
  • Range Level 4 >= 3, acumulacao forte
  • EXP BTC 1.62 positivo, dominando o Bitcoin
  • OI Trend 18.82 positivo, capital novo entrando
  • Trades Level 1, atividade acima do normal

--- 2ZUSDT | Score: 80/100 ---
Preço: 0.07214 | Var 1h: None
  • Range Level 5 >= 3, acumulacao forte
  • EXP BTC 1.02 positivo, dominando o Bitcoin
  • OI Trend 7.81 positivo, capital novo entrando
  • Trades Level 1, atividade acima do normal

--- XMRUSDT | Score: 75/100 ---
Preço: 325.77 | Var 1h: None
  • RSI 39.2 na zona neutra/fria (30-60)
  • Range Level 4 >= 3, acumulacao forte
  • OI Trend 10.61 positivo, capital novo entrando
  • Trades Level 1, atividade acima do normal

--- KAVAUSDT | Score: 75/100 ---
Preço: 0.0447 | Var 1h: None
  • RSI 52.9 na zona neutra/fria (30-60)
  • Range Level 3 >= 3, acumulacao forte
  • OI Trend 23.23 positivo, capital novo entrando
  • Trades Level 3, atividade acima do normal

2026-07-15T16:30:05Z Símbolos no arquivo: 530
2026-07-15T16:30:05Z Digest gerado: /opt/encryptos/output/eassets-digest-20260715-163005.txt
2026-07-15T16:30:05Z Candidatos encontrados: 15

=== DIGEST ENCRYPTOS — eassets.ia (pre-filtrado) ===
Gerado: 2026-07-15 16:30 UTC
Símbolos analisados: 530 | Candidatos (score>=60): 15

IMPORTANTE: isto e um pre-filtro matematico, NAO substitui o checklist completo.
Confirma macro (BTCD/DXY/S&P500) e demais itens antes de qualquer entrada.

--- COLLECTUSDT | Score: 100/100 ---
Preço: 0.04323 | Var 1h: None
  • RSI 55.7 na zona neutra/fria (30-60)
  • Range Level 4 >= 3, acumulacao forte
  • EXP BTC 3.88 positivo, dominando o Bitcoin
  • OI Trend 9.84 positivo, capital novo entrando
  • Trades Level 1, atividade acima do normal

--- ELSAUSDT | Score: 100/100 ---
Preço: 0.05517 | Var 1h: None
  • RSI 51.7 na zona neutra/fria (30-60)
  • Range Level 4 >= 3, acumulacao forte
  • EXP BTC 2.76 positivo, dominando o Bitcoin
  • OI Trend 27.70 positivo, capital novo entrando
  • Trades Level 1, atividade acima do normal

--- AVAAIUSDT | Score: 85/100 ---
Preço: 0.006079 | Var 1h: None
  • RSI 56.8 na zona neutra/fria (30-60)
  • Range Level 4 >= 3, acumulacao forte
  • EXP BTC 4.13 positivo, dominando o Bitcoin
  • OI Trend 37.69 positivo, capital novo entrando

--- TSTUSDT | Score: 85/100 ---
Preço: 0.011122 | Var 1h: None
  • RSI 54.2 na zona neutra/fria (30-60)
  • Range Level 4 >= 3, acumulacao forte
  • EXP BTC 1.89 positivo, dominando o Bitcoin
  • OI Trend 0.19 positivo, capital novo entrando

--- BANKUSDT | Score: 85/100 ---
Preço: 0.04379 | Var 1h: None
  • RSI 57.2 na zona neutra/fria (30-60)
  • Range Level 4 >= 3, acumulacao forte
  • EXP BTC 5.03 positivo, dominando o Bitcoin
  • OI Trend 37.23 positivo, capital novo entrando

--- IDOLUSDT | Score: 85/100 ---
Preço: 0.01549 | Var 1h: None
  • RSI 58.9 na zona neutra/fria (30-60)
  • Range Level 4 >= 3, acumulacao forte
  • EXP BTC 1.68 positivo, dominando o Bitcoin
  • OI Trend 12.11 positivo, capital novo entrando

--- PLAYUSDT | Score: 85/100 ---
Preço: 0.03478 | Var 1h: None
  • RSI 59.9 na zona neutra/fria (30-60)
  • Range Level 4 >= 3, acumulacao forte
  • EXP BTC 1.80 positivo, dominando o Bitcoin
  • Trades Level 1, atividade acima do normal

--- JCTUSDT | Score: 85/100 ---
Preço: 0.00438 | Var 1h: None
  • RSI 57.5 na zona neutra/fria (30-60)
  • Range Level 3 >= 3, acumulacao forte
  • EXP BTC 11.63 positivo, dominando o Bitcoin
  • OI Trend 40.33 positivo, capital novo entrando

--- 龙虾USDT | Score: 85/100 ---
Preço: 0.014986 | Var 1h: None
  • RSI 59.5 na zona neutra/fria (30-60)
  • Range Level 3 >= 3, acumulacao forte
  • EXP BTC 7.10 positivo, dominando o Bitcoin
  • OI Trend 14.20 positivo, capital novo entrando

--- LUNA2USDT | Score: 80/100 ---
Preço: 0.04853 | Var 1h: None
  • Range Level 3 >= 3, acumulacao forte
  • EXP BTC 0.74 positivo, dominando o Bitcoin
  • OI Trend 3.21 positivo, capital novo entrando
  • Trades Level 2, atividade acima do normal

--- RIFUSDT | Score: 80/100 ---
Preço: 0.13706 | Var 1h: None
  • Range Level 3 >= 3, acumulacao forte
  • EXP BTC 14.20 positivo, dominando o Bitcoin
  • OI Trend 12.52 positivo, capital novo entrando
  • Trades Level 1, atividade acima do normal

--- TIAUSDT | Score: 80/100 ---
Preço: 0.414 | Var 1h: None
  • Range Level 4 >= 3, acumulacao forte
  • EXP BTC 1.62 positivo, dominando o Bitcoin
  • OI Trend 18.82 positivo, capital novo entrando
  • Trades Level 1, atividade acima do normal

--- 2ZUSDT | Score: 80/100 ---
Preço: 0.07214 | Var 1h: None
  • Range Level 5 >= 3, acumulacao forte
  • EXP BTC 1.02 positivo, dominando o Bitcoin
  • OI Trend 7.81 positivo, capital novo entrando
  • Trades Level 1, atividade acima do normal

--- XMRUSDT | Score: 75/100 ---
Preço: 325.77 | Var 1h: None
  • RSI 39.2 na zona neutra/fria (30-60)
  • Range Level 4 >= 3, acumulacao forte
  • OI Trend 10.61 positivo, capital novo entrando
  • Trades Level 1, atividade acima do normal

--- KAVAUSDT | Score: 75/100 ---
Preço: 0.0447 | Var 1h: None
  • RSI 52.9 na zona neutra/fria (30-60)
  • Range Level 3 >= 3, acumulacao forte
  • OI Trend 23.23 positivo, capital novo entrando
  • Trades Level 3, atividade acima do normal

2026-07-15T17:00:03Z Símbolos no arquivo: 530
OSError: [Errno 28] No space left on device

During handling of the above exception, another exception occurred:

Traceback (most recent call last):
  File "/opt/encryptos/eassets_filter.py", line 177, in <module>
    main()
    ~~~~^^
  File "/opt/encryptos/eassets_filter.py", line 166, in main
    with open(out_path, "w", encoding="utf-8") as f:
         ~~~~^^^^^^^^^^^^^^^^^^^^^^^^^^^^^^^^^
OSError: [Errno 28] No space left on device
2026-07-15T17:30:04Z Símbolos no arquivo: 530
OSError: [Errno 28] No space left on device

During handling of the above exception, another exception occurred:

Traceback (most recent call last):
  File "/opt/encryptos/eassets_filter.py", line 177, in <module>
    main()
    ~~~~^^
  File "/opt/encryptos/eassets_filter.py", line 166, in main
    with open(out_path, "w", encoding="ut2026-07-15T19:00:04Z Símbolos no arquivo: 530
2026-07-15T19:00:04Z Digest gerado: /opt/encryptos/output/eassets-digest-20260715-190004.txt
2026-07-15T19:00:04Z Candidatos encontrados: 15

=== DIGEST ENCRYPTOS — eassets.ia (pre-filtrado) ===
Gerado: 2026-07-15 19:00 UTC
Símbolos analisados: 530 | Candidatos (score>=60): 15

IMPORTANTE: isto e um pre-filtro matematico, NAO substitui o checklist completo.
Confirma macro (BTCD/DXY/S&P500) e demais itens antes de qualquer entrada.

--- COLLECTUSDT | Score: 100/100 ---
Preço: 0.04323 | Var 1h: None
  • RSI 55.7 na zona neutra/fria (30-60)
  • Range Level 4 >= 3, acumulacao forte
  • EXP BTC 3.88 positivo, dominando o Bitcoin
  • OI Trend 9.84 positivo, capital novo entrando
  • Trades Level 1, atividade acima do normal

--- ELSAUSDT | Score: 100/100 ---
Preço: 0.05517 | Var 1h: None
  • RSI 51.7 na zona neutra/fria (30-60)
  • Range Level 4 >= 3, acumulacao forte
  • EXP BTC 2.76 positivo, dominando o Bitcoin
  • OI Trend 27.70 positivo, capital novo entrando
  • Trades Level 1, atividade acima do normal

--- AVAAIUSDT | Score: 85/100 ---
Preço: 0.006079 | Var 1h: None
  • RSI 56.8 na zona neutra/fria (30-60)
  • Range Level 4 >= 3, acumulacao forte
  • EXP BTC 4.13 positivo, dominando o Bitcoin
  • OI Trend 37.69 positivo, capital novo entrando

--- TSTUSDT | Score: 85/100 ---
Preço: 0.011122 | Var 1h: None
  • RSI 54.2 na zona neutra/fria (30-60)
  • Range Level 4 >= 3, acumulacao forte
  • EXP BTC 1.89 positivo, dominando o Bitcoin
  • OI Trend 0.19 positivo, capital novo entrando

--- BANKUSDT | Score: 85/100 ---
Preço: 0.04379 | Var 1h: None
  • RSI 57.2 na zona neutra/fria (30-60)
  • Range Level 4 >= 3, acumulacao forte
  • EXP BTC 5.03 positivo, dominando o Bitcoin
  • OI Trend 37.23 positivo, capital novo entrando

--- IDOLUSDT | Score: 85/100 ---
Preço: 0.01549 | Var 1h: None
  • RSI 58.9 na zona neutra/fria (30-60)
  • Range Level 4 >= 3, acumulacao forte
  • EXP BTC 1.68 positivo, dominando o Bitcoin
  • OI Trend 12.11 positivo, capital novo entrando

--- PLAYUSDT | Score: 85/100 ---
Preço: 0.03478 | Var 1h: None
  • RSI 59.9 na zona neutra/fria (30-60)
  • Range Level 4 >= 3, acumulacao forte
  • EXP BTC 1.80 positivo, dominando o Bitcoin
  • Trades Level 1, atividade acima do normal

--- JCTUSDT | Score: 85/100 ---
Preço: 0.00438 | Var 1h: None
  • RSI 57.5 na zona neutra/fria (30-60)
  • Range Level 3 >= 3, acumulacao forte
  • EXP BTC 11.63 positivo, dominando o Bitcoin
  • OI Trend 40.33 positivo, capital novo entrando

--- 龙虾USDT | Score: 85/100 ---
Preço: 0.014986 | Var 1h: None
  • RSI 59.5 na zona neutra/fria (30-60)
  • Range Level 3 >= 3, acumulacao forte
  • EXP BTC 7.10 positivo, dominando o Bitcoin
  • OI Trend 14.20 positivo, capital novo entrando

--- LUNA2USDT | Score: 80/100 ---
Preço: 0.04853 | Var 1h: None
  • Range Level 3 >= 3, acumulacao forte
  • EXP BTC 0.74 positivo, dominando o Bitcoin
  • OI Trend 3.21 positivo, capital novo entrando
  • Trades Level 2, atividade acima do normal

--- RIFUSDT | Score: 80/100 ---
Preço: 0.13706 | Var 1h: None
  • Range Level 3 >= 3, acumulacao forte
  • EXP BTC 14.20 positivo, dominando o Bitcoin
  • OI Trend 12.52 positivo, capital novo entrando
  • Trades Level 1, atividade acima do normal

--- TIAUSDT | Score: 80/100 ---
Preço: 0.414 | Var 1h: None
  • Range Level 4 >= 3, acumulacao forte
  • EXP BTC 1.62 positivo, dominando o Bitcoin
  • OI Trend 18.82 positivo, capital novo entrando
  • Trades Level 1, atividade acima do normal

--- 2ZUSDT | Score: 80/100 ---
Preço: 0.07214 | Var 1h: None
  • Range Level 5 >= 3, acumulacao forte
  • EXP BTC 1.02 positivo, dominando o Bitcoin
  • OI Trend 7.81 positivo, capital novo entrando
  • Trades Level 1, atividade acima do normal

--- XMRUSDT | Score: 75/100 ---
Preço: 325.77 | Var 1h: None
  • RSI 39.2 na zona neutra/fria (30-60)
  • Range Level 4 >= 3, acumulacao forte
  • OI Trend 10.61 positivo, capital novo entrando
  • Trades Level 1, atividade acima do normal

--- KAVAUSDT | Score: 75/100 ---
Preço: 0.0447 | Var 1h: None
  • RSI 52.9 na zona neutra/fria (30-60)
  • Range Level 3 >= 3, acumulacao forte
  • OI Trend 23.23 positivo, capital novo entrando
  • Trades Level 3, atividade acima do normal

